<?xml version="1.0" encoding="UTF-8"?>
<testng-results ignored="0" total="1" passed="1" failed="0" skipped="0">
  <reporter-output>
  </reporter-output>
  <suite started-at="2022-07-18T16:20:01 IST" name="Default suite" finished-at="2022-07-18T16:20:17 IST" duration-ms="15446">
    <groups>
    </groups>
    <test started-at="2022-07-18T16:20:01 IST" name="Default test" finished-at="2022-07-18T16:20:17 IST" duration-ms="15446">
      <class name="com.runner.RunnerClass">
        <test-method is-config="true" signature="aunch()[pri:0, instance:com.runner.RunnerClass@3c407114]" started-at="2022-07-18T16:20:01 IST" name="aunch" finished-at="2022-07-18T16:20:03 IST" duration-ms="1450" status="PASS">
          <reporter-output>
          </reporter-output>
        </test-method> <!-- aunch -->
        <test-method is-config="true" signature="launchurl()[pri:0, instance:com.runner.RunnerClass@3c407114]" started-at="2022-07-18T16:20:03 IST" name="launchurl" finished-at="2022-07-18T16:20:08 IST" duration-ms="5072" status="PASS">
          <reporter-output>
          </reporter-output>
        </test-method> <!-- launchurl -->
        <test-method signature="login()[pri:0, instance:com.runner.RunnerClass@3c407114]" started-at="2022-07-18T16:20:08 IST" name="login" finished-at="2022-07-18T16:20:14 IST" duration-ms="5723" status="PASS">
          <reporter-output>
          </reporter-output>
        </test-method> <!-- login -->
        <test-method is-config="true" signature="close()[pri:0, instance:com.runner.RunnerClass@3c407114]" started-at="2022-07-18T16:20:14 IST" name="close" finished-at="2022-07-18T16:20:17 IST" duration-ms="3163" status="PASS">
          <reporter-output>
          </reporter-output>
        </test-method> <!-- close -->
      </class> <!-- com.runner.RunnerClass -->
    </test> <!-- Default test -->
  </suite> <!-- Default suite -->
</testng-results>
