<?xml version="1.0" encoding="UTF-8"?>
<testng-results ignored="0" total="1" passed="1" failed="0" skipped="0">
  <reporter-output>
  </reporter-output>
  <suite started-at="2022-07-18T21:22:26 IST" name="Default suite" finished-at="2022-07-18T21:22:49 IST" duration-ms="23088">
    <groups>
    </groups>
    <test started-at="2022-07-18T21:22:26 IST" name="Default test" finished-at="2022-07-18T21:22:49 IST" duration-ms="23088">
      <class name="com.runner.RunnerClass">
        <test-method is-config="true" signature="aunch()[pri:0, instance:com.runner.RunnerClass@35aea049]" started-at="2022-07-18T21:22:26 IST" name="aunch" finished-at="2022-07-18T21:22:30 IST" duration-ms="3401" status="PASS">
          <reporter-output>
          </reporter-output>
        </test-method> <!-- aunch -->
        <test-method is-config="true" signature="launchurl()[pri:0, instance:com.runner.RunnerClass@35aea049]" started-at="2022-07-18T21:22:30 IST" name="launchurl" finished-at="2022-07-18T21:22:41 IST" duration-ms="11788" status="PASS">
          <reporter-output>
          </reporter-output>
        </test-method> <!-- launchurl -->
        <test-method signature="login()[pri:0, instance:com.runner.RunnerClass@35aea049]" started-at="2022-07-18T21:22:41 IST" name="login" finished-at="2022-07-18T21:22:49 IST" duration-ms="7769" status="PASS">
          <reporter-output>
          </reporter-output>
        </test-method> <!-- login -->
        <test-method is-config="true" signature="quit()[pri:0, instance:com.runner.RunnerClass@35aea049]" started-at="2022-07-18T21:22:49 IST" name="quit" finished-at="2022-07-18T21:22:49 IST" duration-ms="92" status="PASS">
          <reporter-output>
          </reporter-output>
        </test-method> <!-- quit -->
      </class> <!-- com.runner.RunnerClass -->
    </test> <!-- Default test -->
  </suite> <!-- Default suite -->
</testng-results>
